<?xml version="1.0" encoding="UTF-8"?>
<robot generator="Robot 6.0.1 (Python 3.11.0 on win32)" generated="20221125 15:02:57.344" rpa="false" schemaversion="3">
<suite id="s1" name="amazonTestes" source="C:\Projetos\robotframework-udemy\curso-basico\amazonTestes.robot">
<test id="s1-t1" name="Caso de Teste 01 - Acesso ao menu &quot;Ofertas do Dia&quot;" line="10">
<kw name="Abrir o navegador" library="amazonResources" type="SETUP">
<kw name="Open Browser" library="SeleniumLibrary">
<arg>browser=chrome</arg>
<doc>Opens a new browser instance to the optional ``url``.</doc>
<msg timestamp="20221125 15:02:57.504" level="INFO">Opening browser 'chrome' to base url 'None'.</msg>
<status status="PASS" starttime="20221125 15:02:57.504" endtime="20221125 15:02:58.608"/>
</kw>
<kw name="Maximize Browser Window" library="SeleniumLibrary">
<doc>Maximizes current browser window.</doc>
<status status="PASS" starttime="20221125 15:02:58.608" endtime="20221125 15:02:58.725"/>
</kw>
<status status="PASS" starttime="20221125 15:02:57.504" endtime="20221125 15:02:58.725"/>
</kw>
<kw name="Acessar a home page do site Amazon.com.br" library="amazonResources">
<kw name="Go To" library="SeleniumLibrary">
<arg>url=${URL}</arg>
<doc>Navigates the current browser window to the provided ``url``.</doc>
<msg timestamp="20221125 15:02:58.726" level="INFO">Opening url 'https://www.amazon.com.br/'</msg>
<status status="PASS" starttime="20221125 15:02:58.726" endtime="20221125 15:03:00.111"/>
</kw>
<kw name="Wait Until Element Is Visible" library="SeleniumLibrary">
<arg>locator=${MENU_OFERTAS_DO_DIA}</arg>
<doc>Waits until the element ``locator`` is visible.</doc>
<status status="PASS" starttime="20221125 15:03:00.111" endtime="20221125 15:03:00.164"/>
</kw>
<status status="PASS" starttime="20221125 15:02:58.725" endtime="20221125 15:03:00.164"/>
</kw>
<kw name="Verificar se o título da página fica &quot;Amazon.com.br | Tudo pra você, de A a Z.&quot;" library="amazonResources" sourcename="Verificar se o título da página fica &quot;${TITULO}&quot;">
<kw name="Title Should Be" library="SeleniumLibrary">
<arg>title=${TITULO}</arg>
<doc>Verifies that the current page title equals ``title``.</doc>
<msg timestamp="20221125 15:03:00.168" level="INFO">Page title is 'Amazon.com.br | Tudo pra você, de A a Z.'.</msg>
<status status="PASS" starttime="20221125 15:03:00.165" endtime="20221125 15:03:00.168"/>
</kw>
<status status="PASS" starttime="20221125 15:03:00.165" endtime="20221125 15:03:00.168"/>
</kw>
<kw name="Entrar no menu &quot;Ofertas do Dia&quot;" library="amazonResources">
<kw name="Click Element" library="SeleniumLibrary">
<arg>locator=${MENU_OFERTAS_DO_DIA}</arg>
<doc>Click the element identified by ``locator``.</doc>
<msg timestamp="20221125 15:03:00.169" level="INFO">Clicking element '//a[contains(.,'Ofertas do Dia')]'.</msg>
<status status="PASS" starttime="20221125 15:03:00.168" endtime="20221125 15:03:00.663"/>
</kw>
<status status="PASS" starttime="20221125 15:03:00.168" endtime="20221125 15:03:00.663"/>
</kw>
<kw name="Verificar se aparece a frase &quot;Ofertas e Promoções&quot;" library="amazonResources">
<kw name="Wait Until Page Contains" library="SeleniumLibrary">
<arg>text=${TEXTO_H1_OFERTAS_E_PROMOCOES}</arg>
<doc>Waits until ``text`` appears on the current page.</doc>
<msg timestamp="20221125 15:03:05.893" level="INFO" html="true">&lt;/td&gt;&lt;/tr&gt;&lt;tr&gt;&lt;td colspan="3"&gt;&lt;a href="selenium-screenshot-5.png"&gt;&lt;img src="selenium-screenshot-5.png" width="800px"&gt;&lt;/a&gt;</msg>
<msg timestamp="20221125 15:03:05.894" level="FAIL">Text 'Ofertas e Promoções' did not appear in 5 seconds.</msg>
<status status="FAIL" starttime="20221125 15:03:00.664" endtime="20221125 15:03:05.895"/>
</kw>
<kw name="Wait Until Element Is Visible" library="SeleniumLibrary">
<arg>locator=${H1_OFERTAS_E_PROMOCOES}</arg>
<doc>Waits until the element ``locator`` is visible.</doc>
<status status="NOT RUN" starttime="20221125 15:03:05.895" endtime="20221125 15:03:05.895"/>
</kw>
<status status="FAIL" starttime="20221125 15:03:00.663" endtime="20221125 15:03:05.895"/>
</kw>
<kw name="Verificar se o título da página fica &quot;Ofertas e Promoções | Amazon.com.br&quot;" library="amazonResources" sourcename="Verificar se o título da página fica &quot;${TITULO}&quot;">
<status status="NOT RUN" starttime="20221125 15:03:05.895" endtime="20221125 15:03:05.895"/>
</kw>
<kw name="Verificar se aparece a categoria &quot;Dispositivos Amazon e Acessórios&quot;" library="amazonResources" sourcename="Verificar se aparece a categoria &quot;${CATEGORIA}&quot;">
<status status="NOT RUN" starttime="20221125 15:03:05.896" endtime="20221125 15:03:05.896"/>
</kw>
<kw name="Verificar se aparece a categoria &quot;Automotivo&quot;" library="amazonResources" sourcename="Verificar se aparece a categoria &quot;${CATEGORIA}&quot;">
<status status="NOT RUN" starttime="20221125 15:03:05.896" endtime="20221125 15:03:05.896"/>
</kw>
<kw name="Fechar o navegador" library="amazonResources" type="TEARDOWN">
<kw name="Capture Page Screenshot" library="SeleniumLibrary">
<doc>Takes a screenshot of the current page and embeds it into a log file.</doc>
<msg timestamp="20221125 15:03:06.011" level="INFO" html="true">&lt;/td&gt;&lt;/tr&gt;&lt;tr&gt;&lt;td colspan="3"&gt;&lt;a href="selenium-screenshot-6.png"&gt;&lt;img src="selenium-screenshot-6.png" width="800px"&gt;&lt;/a&gt;</msg>
<status status="PASS" starttime="20221125 15:03:05.896" endtime="20221125 15:03:06.011"/>
</kw>
<kw name="Close Browser" library="SeleniumLibrary">
<doc>Closes the current browser.</doc>
<status status="PASS" starttime="20221125 15:03:06.012" endtime="20221125 15:03:08.151"/>
</kw>
<status status="PASS" starttime="20221125 15:03:05.896" endtime="20221125 15:03:08.151"/>
</kw>
<doc>Esse teste verifica o menu Venda na Amazon do site da Amazon.com.br
e verifica o menu "Ofertas do Dia"</doc>
<tag>categorias</tag>
<tag>menus</tag>
<status status="FAIL" starttime="20221125 15:02:57.504" endtime="20221125 15:03:08.152">Text 'Ofertas e Promoções' did not appear in 5 seconds.</status>
</test>
<test id="s1-t2" name="Caso de Teste 02 - Pesquisa de um Produto" line="22">
<kw name="Abrir o navegador" library="amazonResources" type="SETUP">
<kw name="Open Browser" library="SeleniumLibrary">
<arg>browser=chrome</arg>
<doc>Opens a new browser instance to the optional ``url``.</doc>
<msg timestamp="20221125 15:03:08.154" level="INFO">Opening browser 'chrome' to base url 'None'.</msg>
<status status="PASS" starttime="20221125 15:03:08.153" endtime="20221125 15:03:09.217"/>
</kw>
<kw name="Maximize Browser Window" library="SeleniumLibrary">
<doc>Maximizes current browser window.</doc>
<status status="PASS" starttime="20221125 15:03:09.217" endtime="20221125 15:03:09.334"/>
</kw>
<status status="PASS" starttime="20221125 15:03:08.153" endtime="20221125 15:03:09.334"/>
</kw>
<kw name="Acessar novamente a home page do site Amazon.com.br" library="amazonResources">
<kw name="Go To" library="SeleniumLibrary">
<arg>url=${URL}</arg>
<doc>Navigates the current browser window to the provided ``url``.</doc>
<msg timestamp="20221125 15:03:09.335" level="INFO">Opening url 'https://www.amazon.com.br/'</msg>
<status status="PASS" starttime="20221125 15:03:09.334" endtime="20221125 15:03:11.127"/>
</kw>
<status status="PASS" starttime="20221125 15:03:09.334" endtime="20221125 15:03:11.127"/>
</kw>
<kw name="Digitar o nome de produto &quot;Xbox Series S&quot; no campo de pesquisa" library="amazonResources" sourcename="Digitar o nome de produto &quot;${PRODUTO}&quot; no campo de pesquisa">
<kw name="Input Text" library="SeleniumLibrary">
<arg>locator=twotabsearchtextbox</arg>
<arg>text=Xbox Series S</arg>
<doc>Types the given ``text`` into the text field identified by ``locator``.</doc>
<msg timestamp="20221125 15:03:11.129" level="INFO">Typing text 'Xbox Series S' into text field 'twotabsearchtextbox'.</msg>
<status status="PASS" starttime="20221125 15:03:11.128" endtime="20221125 15:03:11.279"/>
</kw>
<status status="PASS" starttime="20221125 15:03:11.128" endtime="20221125 15:03:11.279"/>
</kw>
<kw name="Clicar no botão de pesquisa" library="amazonResources">
<kw name="Click Element" library="SeleniumLibrary">
<arg>locator=${BOTAO_PESQUISAR}</arg>
<doc>Click the element identified by ``locator``.</doc>
<msg timestamp="20221125 15:03:11.280" level="INFO">Clicking element '//input[contains(@type,'submit')]'.</msg>
<status status="PASS" starttime="20221125 15:03:11.280" endtime="20221125 15:03:11.410"/>
</kw>
<status status="PASS" starttime="20221125 15:03:11.280" endtime="20221125 15:03:11.410"/>
</kw>
<kw name="Verificar o resultado da pesquisa, listando o produto &quot;Xbox Series S&quot;" library="amazonResources" sourcename="Verificar o resultado da pesquisa, listando o produto &quot;${PRODUTO}&quot;">
<kw name="Wait Until Element Is Visible" library="SeleniumLibrary">
<arg>locator=(//span[contains(.,'${PRODUTO}')])[2]</arg>
<doc>Waits until the element ``locator`` is visible.</doc>
<status status="PASS" starttime="20221125 15:03:11.411" endtime="20221125 15:03:12.028"/>
</kw>
<status status="PASS" starttime="20221125 15:03:11.411" endtime="20221125 15:03:12.028"/>
</kw>
<kw name="Fechar o navegador" library="amazonResources" type="TEARDOWN">
<kw name="Capture Page Screenshot" library="SeleniumLibrary">
<doc>Takes a screenshot of the current page and embeds it into a log file.</doc>
<msg timestamp="20221125 15:03:12.316" level="INFO" html="true">&lt;/td&gt;&lt;/tr&gt;&lt;tr&gt;&lt;td colspan="3"&gt;&lt;a href="selenium-screenshot-7.png"&gt;&lt;img src="selenium-screenshot-7.png" width="800px"&gt;&lt;/a&gt;</msg>
<status status="PASS" starttime="20221125 15:03:12.028" endtime="20221125 15:03:12.316"/>
</kw>
<kw name="Close Browser" library="SeleniumLibrary">
<doc>Closes the current browser.</doc>
<status status="PASS" starttime="20221125 15:03:12.316" endtime="20221125 15:03:14.434"/>
</kw>
<status status="PASS" starttime="20221125 15:03:12.028" endtime="20221125 15:03:14.434"/>
</kw>
<doc>Esse teste verifica a busca de um produto</doc>
<tag>busca_produtos</tag>
<tag>lista_busca</tag>
<status status="PASS" starttime="20221125 15:03:08.152" endtime="20221125 15:03:14.435"/>
</test>
<doc>Essa suite testa o site da Amazon.com.br</doc>
<status status="FAIL" starttime="20221125 15:02:57.345" endtime="20221125 15:03:14.435"/>
</suite>
<statistics>
<total>
<stat pass="1" fail="1" skip="0">All Tests</stat>
</total>
<tag>
<stat pass="1" fail="0" skip="0">busca_produtos</stat>
<stat pass="0" fail="1" skip="0">categorias</stat>
<stat pass="1" fail="0" skip="0">lista_busca</stat>
<stat pass="0" fail="1" skip="0">menus</stat>
</tag>
<suite>
<stat pass="1" fail="1" skip="0" id="s1" name="amazonTestes">amazonTestes</stat>
</suite>
</statistics>
<errors>
</errors>
</robot>
